{"level":"info","message":"Running on Node.js - Version 22.19.0","timestamp":"2025-12-04 10:48:34"}
{"level":"info","message":"Foundry Virtual Tabletop - Version 13 Build 351","timestamp":"2025-12-04 10:48:34"}
{"level":"info","message":"User Data Directory - \"C:/Users/rapha/Documents/Depo/foundryVTT/foundrydata\"","timestamp":"2025-12-04 10:48:34"}
{"level":"info","message":"Saved application configuration options to C:/Users/rapha/Documents/Depo/foundryVTT/foundrydata/Config/options.json","timestamp":"2025-12-04 10:48:34"}
{"level":"info","message":"Application Options:\n{\n  \"compressStatic\": true,\n  \"fullscreen\": false,\n  \"hostname\": null,\n  \"language\": \"en.core\",\n  \"localHostname\": null,\n  \"port\": 30000,\n  \"proxyPort\": null,\n  \"proxySSL\": false,\n  \"routePrefix\": null,\n  \"updateChannel\": \"stable\",\n  \"upnp\": true,\n  \"awsConfig\": null,\n  \"compressSocket\": true,\n  \"cssTheme\": \"dark\",\n  \"deleteNEDB\": false,\n  \"hotReload\": false,\n  \"passwordSalt\": null,\n  \"sslCert\": null,\n  \"sslKey\": null,\n  \"world\": null,\n  \"serviceConfig\": null,\n  \"adminPassword\": null,\n  \"noBackups\": false\n}","timestamp":"2025-12-04 10:48:34"}
{"level":"warn","message":"Software license requires signature.","timestamp":"2025-12-04 10:48:34"}
{"level":"info","message":"Requesting UPnP port forwarding to destination port 30000","timestamp":"2025-12-04 10:48:34"}
{"level":"info","message":"Server started and listening on port 30000","timestamp":"2025-12-04 10:48:34"}
{"level":"info","message":"Created client session a47e2090599361ebda8bffe5","timestamp":"2025-12-04 10:49:16"}
{"level":"info","message":"License signature successfully created. Thank you and please enjoy Foundry Virtual Tabletop.","timestamp":"2025-12-04 10:49:31"}
{"level":"info","message":"Software license verification succeeded","timestamp":"2025-12-04 10:49:31"}
{"level":"info","message":"Saved application configuration options to C:/Users/rapha/Documents/Depo/foundryVTT/foundrydata/Config/options.json","timestamp":"2025-12-04 10:49:33"}
{"level":"info","message":"Server administrator password updated in \"C:\\Users\\rapha\\Documents\\Depo\\foundryVTT\\foundrydata\\Config\\admin.txt\"","timestamp":"2025-12-04 10:51:06"}
{"level":"info","message":"Downloading package - 0%","timestamp":"2025-12-04 10:52:01"}
{"level":"info","message":"Downloading package - 1%","timestamp":"2025-12-04 10:52:02"}
{"level":"info","message":"Downloading package - 2%","timestamp":"2025-12-04 10:52:02"}
{"level":"info","message":"Downloading package - 3%","timestamp":"2025-12-04 10:52:03"}
{"level":"info","message":"Downloading package - 4%","timestamp":"2025-12-04 10:52:04"}
{"level":"info","message":"Downloading package - 5%","timestamp":"2025-12-04 10:52:05"}
{"level":"info","message":"Downloading package - 6%","timestamp":"2025-12-04 10:52:06"}
{"level":"info","message":"Downloading package - 7%","timestamp":"2025-12-04 10:52:06"}
{"level":"info","message":"Downloading package - 8%","timestamp":"2025-12-04 10:52:07"}
{"level":"info","message":"Downloading package - 9%","timestamp":"2025-12-04 10:52:08"}
{"level":"info","message":"Downloading package - 10%","timestamp":"2025-12-04 10:52:09"}
{"level":"info","message":"Downloading package - 11%","timestamp":"2025-12-04 10:52:10"}
{"level":"info","message":"Downloading package - 12%","timestamp":"2025-12-04 10:52:11"}
{"level":"info","message":"Downloading package - 13%","timestamp":"2025-12-04 10:52:11"}
{"level":"info","message":"Downloading package - 14%","timestamp":"2025-12-04 10:52:12"}
{"level":"info","message":"Downloading package - 15%","timestamp":"2025-12-04 10:52:13"}
{"level":"info","message":"Downloading package - 16%","timestamp":"2025-12-04 10:52:14"}
{"level":"info","message":"Downloading package - 17%","timestamp":"2025-12-04 10:52:15"}
{"level":"info","message":"Downloading package - 18%","timestamp":"2025-12-04 10:52:15"}
{"level":"info","message":"Downloading package - 19%","timestamp":"2025-12-04 10:52:16"}
{"level":"info","message":"Downloading package - 20%","timestamp":"2025-12-04 10:52:17"}
{"level":"info","message":"Downloading package - 21%","timestamp":"2025-12-04 10:52:18"}
{"level":"info","message":"Downloading package - 22%","timestamp":"2025-12-04 10:52:19"}
{"level":"info","message":"Downloading package - 23%","timestamp":"2025-12-04 10:52:20"}
{"level":"info","message":"Downloading package - 24%","timestamp":"2025-12-04 10:52:20"}
{"level":"info","message":"Downloading package - 25%","timestamp":"2025-12-04 10:52:21"}
{"level":"info","message":"Downloading package - 26%","timestamp":"2025-12-04 10:52:22"}
{"level":"info","message":"Downloading package - 27%","timestamp":"2025-12-04 10:52:23"}
{"level":"info","message":"Downloading package - 28%","timestamp":"2025-12-04 10:52:24"}
{"level":"info","message":"Downloading package - 29%","timestamp":"2025-12-04 10:52:25"}
{"level":"info","message":"Downloading package - 30%","timestamp":"2025-12-04 10:52:26"}
{"level":"info","message":"Downloading package - 31%","timestamp":"2025-12-04 10:52:26"}
{"level":"info","message":"Downloading package - 32%","timestamp":"2025-12-04 10:52:28"}
{"level":"info","message":"Downloading package - 33%","timestamp":"2025-12-04 10:52:29"}
{"level":"info","message":"Downloading package - 34%","timestamp":"2025-12-04 10:52:31"}
{"level":"info","message":"Downloading package - 35%","timestamp":"2025-12-04 10:52:33"}
{"level":"info","message":"Downloading package - 36%","timestamp":"2025-12-04 10:52:34"}
{"level":"info","message":"Downloading package - 37%","timestamp":"2025-12-04 10:52:35"}
{"level":"info","message":"Downloading package - 38%","timestamp":"2025-12-04 10:52:36"}
{"level":"info","message":"Downloading package - 39%","timestamp":"2025-12-04 10:52:37"}
{"level":"info","message":"Downloading package - 40%","timestamp":"2025-12-04 10:52:39"}
{"level":"info","message":"Downloading package - 41%","timestamp":"2025-12-04 10:52:40"}
{"level":"info","message":"Downloading package - 42%","timestamp":"2025-12-04 10:52:41"}
{"level":"info","message":"Downloading package - 43%","timestamp":"2025-12-04 10:52:42"}
{"level":"info","message":"Downloading package - 44%","timestamp":"2025-12-04 10:52:43"}
{"level":"info","message":"Downloading package - 45%","timestamp":"2025-12-04 10:52:44"}
{"level":"info","message":"Downloading package - 46%","timestamp":"2025-12-04 10:52:47"}
{"level":"info","message":"Downloading package - 47%","timestamp":"2025-12-04 10:52:49"}
{"level":"info","message":"Downloading package - 48%","timestamp":"2025-12-04 10:52:51"}
{"level":"info","message":"Downloading package - 49%","timestamp":"2025-12-04 10:52:52"}
{"level":"info","message":"Downloading package - 50%","timestamp":"2025-12-04 10:52:53"}
{"level":"info","message":"Downloading package - 51%","timestamp":"2025-12-04 10:52:54"}
{"level":"info","message":"Downloading package - 52%","timestamp":"2025-12-04 10:52:55"}
{"level":"info","message":"Downloading package - 53%","timestamp":"2025-12-04 10:52:56"}
{"level":"info","message":"Downloading package - 54%","timestamp":"2025-12-04 10:52:57"}
{"level":"info","message":"Downloading package - 55%","timestamp":"2025-12-04 10:52:58"}
{"level":"info","message":"Downloading package - 56%","timestamp":"2025-12-04 10:52:59"}
{"level":"info","message":"Downloading package - 57%","timestamp":"2025-12-04 10:52:59"}
{"level":"info","message":"Downloading package - 58%","timestamp":"2025-12-04 10:53:00"}
{"level":"info","message":"Downloading package - 59%","timestamp":"2025-12-04 10:53:01"}
{"level":"info","message":"Downloading package - 60%","timestamp":"2025-12-04 10:53:02"}
{"level":"info","message":"Downloading package - 61%","timestamp":"2025-12-04 10:53:03"}
{"level":"info","message":"Downloading package - 62%","timestamp":"2025-12-04 10:53:04"}
{"level":"info","message":"Downloading package - 63%","timestamp":"2025-12-04 10:53:04"}
{"level":"info","message":"Downloading package - 64%","timestamp":"2025-12-04 10:53:05"}
{"level":"info","message":"Downloading package - 65%","timestamp":"2025-12-04 10:53:06"}
{"level":"info","message":"Downloading package - 66%","timestamp":"2025-12-04 10:53:07"}
{"level":"info","message":"Downloading package - 67%","timestamp":"2025-12-04 10:53:08"}
{"level":"info","message":"Downloading package - 68%","timestamp":"2025-12-04 10:53:09"}
{"level":"info","message":"Downloading package - 69%","timestamp":"2025-12-04 10:53:10"}
{"level":"info","message":"Downloading package - 70%","timestamp":"2025-12-04 10:53:11"}
{"level":"info","message":"Downloading package - 71%","timestamp":"2025-12-04 10:53:12"}
{"level":"info","message":"Downloading package - 72%","timestamp":"2025-12-04 10:53:12"}
{"level":"info","message":"Downloading package - 73%","timestamp":"2025-12-04 10:53:13"}
{"level":"info","message":"Downloading package - 74%","timestamp":"2025-12-04 10:53:14"}
{"level":"info","message":"Downloading package - 75%","timestamp":"2025-12-04 10:53:15"}
{"level":"info","message":"Downloading package - 76%","timestamp":"2025-12-04 10:53:16"}
{"level":"info","message":"Downloading package - 77%","timestamp":"2025-12-04 10:53:16"}
{"level":"info","message":"Downloading package - 78%","timestamp":"2025-12-04 10:53:17"}
{"level":"info","message":"Downloading package - 79%","timestamp":"2025-12-04 10:53:18"}
{"level":"info","message":"Downloading package - 80%","timestamp":"2025-12-04 10:53:19"}
{"level":"info","message":"Downloading package - 81%","timestamp":"2025-12-04 10:53:20"}
{"level":"info","message":"Downloading package - 82%","timestamp":"2025-12-04 10:53:21"}
{"level":"info","message":"Downloading package - 83%","timestamp":"2025-12-04 10:53:21"}
{"level":"info","message":"Downloading package - 84%","timestamp":"2025-12-04 10:53:22"}
{"level":"info","message":"Downloading package - 85%","timestamp":"2025-12-04 10:53:23"}
{"level":"info","message":"Downloading package - 86%","timestamp":"2025-12-04 10:53:24"}
{"level":"info","message":"Downloading package - 87%","timestamp":"2025-12-04 10:53:25"}
{"level":"info","message":"Downloading package - 88%","timestamp":"2025-12-04 10:53:26"}
{"level":"info","message":"Downloading package - 89%","timestamp":"2025-12-04 10:53:26"}
{"level":"info","message":"Downloading package - 90%","timestamp":"2025-12-04 10:53:27"}
{"level":"info","message":"Downloading package - 91%","timestamp":"2025-12-04 10:53:28"}
{"level":"info","message":"Downloading package - 92%","timestamp":"2025-12-04 10:53:29"}
{"level":"info","message":"Downloading package - 93%","timestamp":"2025-12-04 10:53:30"}
{"level":"info","message":"Downloading package - 94%","timestamp":"2025-12-04 10:53:30"}
{"level":"info","message":"Downloading package - 95%","timestamp":"2025-12-04 10:53:31"}
{"level":"info","message":"Downloading package - 96%","timestamp":"2025-12-04 10:53:32"}
{"level":"info","message":"Downloading package - 97%","timestamp":"2025-12-04 10:53:33"}
{"level":"info","message":"Downloading package - 98%","timestamp":"2025-12-04 10:53:34"}
{"level":"info","message":"Downloading package - 99%","timestamp":"2025-12-04 10:53:35"}
{"level":"info","message":"Downloading package - 100%","timestamp":"2025-12-04 10:53:35"}
{"level":"info","message":"Installing package - 0%","timestamp":"2025-12-04 10:53:36"}
{"level":"info","message":"Installing package - 1%","timestamp":"2025-12-04 10:53:36"}
{"level":"info","message":"Installing package - 2%","timestamp":"2025-12-04 10:53:36"}
{"level":"info","message":"Installing package - 3%","timestamp":"2025-12-04 10:53:36"}
{"level":"info","message":"Installing package - 4%","timestamp":"2025-12-04 10:53:36"}
{"level":"info","message":"Installing package - 5%","timestamp":"2025-12-04 10:53:36"}
{"level":"info","message":"Installing package - 6%","timestamp":"2025-12-04 10:53:36"}
{"level":"info","message":"Installing package - 7%","timestamp":"2025-12-04 10:53:36"}
{"level":"info","message":"Installing package - 8%","timestamp":"2025-12-04 10:53:36"}
{"level":"info","message":"Installing package - 9%","timestamp":"2025-12-04 10:53:36"}
{"level":"info","message":"Installing package - 10%","timestamp":"2025-12-04 10:53:36"}
{"level":"info","message":"Installing package - 11%","timestamp":"2025-12-04 10:53:36"}
{"level":"info","message":"Installing package - 12%","timestamp":"2025-12-04 10:53:36"}
{"level":"info","message":"Installing package - 13%","timestamp":"2025-12-04 10:53:36"}
{"level":"info","message":"Installing package - 14%","timestamp":"2025-12-04 10:53:36"}
{"level":"info","message":"Installing package - 15%","timestamp":"2025-12-04 10:53:37"}
{"level":"info","message":"Installing package - 16%","timestamp":"2025-12-04 10:53:37"}
{"level":"info","message":"Installing package - 17%","timestamp":"2025-12-04 10:53:37"}
{"level":"info","message":"Installing package - 18%","timestamp":"2025-12-04 10:53:37"}
{"level":"info","message":"Installing package - 19%","timestamp":"2025-12-04 10:53:37"}
{"level":"info","message":"Installing package - 20%","timestamp":"2025-12-04 10:53:37"}
{"level":"info","message":"Installing package - 21%","timestamp":"2025-12-04 10:53:37"}
{"level":"info","message":"Installing package - 22%","timestamp":"2025-12-04 10:53:37"}
{"level":"info","message":"Installing package - 23%","timestamp":"2025-12-04 10:53:37"}
{"level":"info","message":"Installing package - 24%","timestamp":"2025-12-04 10:53:37"}
{"level":"info","message":"Installing package - 25%","timestamp":"2025-12-04 10:53:37"}
{"level":"info","message":"Installing package - 26%","timestamp":"2025-12-04 10:53:37"}
{"level":"info","message":"Installing package - 27%","timestamp":"2025-12-04 10:53:37"}
{"level":"info","message":"Installing package - 28%","timestamp":"2025-12-04 10:53:37"}
{"level":"info","message":"Installing package - 29%","timestamp":"2025-12-04 10:53:37"}
{"level":"info","message":"Installing package - 30%","timestamp":"2025-12-04 10:53:37"}
{"level":"info","message":"Installing package - 31%","timestamp":"2025-12-04 10:53:37"}
{"level":"info","message":"Installing package - 32%","timestamp":"2025-12-04 10:53:37"}
{"level":"info","message":"Installing package - 33%","timestamp":"2025-12-04 10:53:37"}
{"level":"info","message":"Installing package - 34%","timestamp":"2025-12-04 10:53:37"}
{"level":"info","message":"Installing package - 35%","timestamp":"2025-12-04 10:53:37"}
{"level":"info","message":"Installing package - 36%","timestamp":"2025-12-04 10:53:37"}
{"level":"info","message":"Installing package - 37%","timestamp":"2025-12-04 10:53:37"}
{"level":"info","message":"Installing package - 38%","timestamp":"2025-12-04 10:53:37"}
{"level":"info","message":"Installing package - 39%","timestamp":"2025-12-04 10:53:37"}
{"level":"info","message":"Installing package - 40%","timestamp":"2025-12-04 10:53:37"}
{"level":"info","message":"Installing package - 41%","timestamp":"2025-12-04 10:53:37"}
{"level":"info","message":"Installing package - 42%","timestamp":"2025-12-04 10:53:37"}
{"level":"info","message":"Installing package - 43%","timestamp":"2025-12-04 10:53:37"}
{"level":"info","message":"Installing package - 44%","timestamp":"2025-12-04 10:53:37"}
{"level":"info","message":"Installing package - 45%","timestamp":"2025-12-04 10:53:37"}
{"level":"info","message":"Installing package - 46%","timestamp":"2025-12-04 10:53:37"}
{"level":"info","message":"Installing package - 47%","timestamp":"2025-12-04 10:53:37"}
{"level":"info","message":"Installing package - 48%","timestamp":"2025-12-04 10:53:37"}
{"level":"info","message":"Installing package - 49%","timestamp":"2025-12-04 10:53:37"}
{"level":"info","message":"Installing package - 50%","timestamp":"2025-12-04 10:53:37"}
{"level":"info","message":"Installing package - 51%","timestamp":"2025-12-04 10:53:37"}
{"level":"info","message":"Installing package - 52%","timestamp":"2025-12-04 10:53:37"}
{"level":"info","message":"Installing package - 53%","timestamp":"2025-12-04 10:53:38"}
{"level":"info","message":"Installing package - 54%","timestamp":"2025-12-04 10:53:38"}
{"level":"info","message":"Installing package - 55%","timestamp":"2025-12-04 10:53:38"}
{"level":"info","message":"Installing package - 56%","timestamp":"2025-12-04 10:53:38"}
{"level":"info","message":"Installing package - 57%","timestamp":"2025-12-04 10:53:38"}
{"level":"info","message":"Installing package - 58%","timestamp":"2025-12-04 10:53:38"}
{"level":"info","message":"Installing package - 59%","timestamp":"2025-12-04 10:53:38"}
{"level":"info","message":"Installing package - 60%","timestamp":"2025-12-04 10:53:38"}
{"level":"info","message":"Installing package - 61%","timestamp":"2025-12-04 10:53:38"}
{"level":"info","message":"Installing package - 62%","timestamp":"2025-12-04 10:53:38"}
{"level":"info","message":"Installing package - 63%","timestamp":"2025-12-04 10:53:38"}
{"level":"info","message":"Installing package - 64%","timestamp":"2025-12-04 10:53:38"}
{"level":"info","message":"Installing package - 65%","timestamp":"2025-12-04 10:53:38"}
{"level":"info","message":"Installing package - 66%","timestamp":"2025-12-04 10:53:38"}
{"level":"info","message":"Installing package - 67%","timestamp":"2025-12-04 10:53:38"}
{"level":"info","message":"Installing package - 68%","timestamp":"2025-12-04 10:53:38"}
{"level":"info","message":"Installing package - 69%","timestamp":"2025-12-04 10:53:38"}
{"level":"info","message":"Installing package - 70%","timestamp":"2025-12-04 10:53:38"}
{"level":"info","message":"Installing package - 71%","timestamp":"2025-12-04 10:53:39"}
{"level":"info","message":"Installing package - 72%","timestamp":"2025-12-04 10:53:39"}
{"level":"info","message":"Installing package - 73%","timestamp":"2025-12-04 10:53:39"}
{"level":"info","message":"Installing package - 74%","timestamp":"2025-12-04 10:53:39"}
{"level":"info","message":"Installing package - 75%","timestamp":"2025-12-04 10:53:39"}
{"level":"info","message":"Installing package - 76%","timestamp":"2025-12-04 10:53:39"}
{"level":"info","message":"Installing package - 77%","timestamp":"2025-12-04 10:53:39"}
{"level":"info","message":"Installing package - 78%","timestamp":"2025-12-04 10:53:39"}
{"level":"info","message":"Installing package - 79%","timestamp":"2025-12-04 10:53:39"}
{"level":"info","message":"Installing package - 80%","timestamp":"2025-12-04 10:53:39"}
{"level":"info","message":"Installing package - 81%","timestamp":"2025-12-04 10:53:39"}
{"level":"info","message":"Installing package - 82%","timestamp":"2025-12-04 10:53:39"}
{"level":"info","message":"Installing package - 83%","timestamp":"2025-12-04 10:53:39"}
{"level":"info","message":"Installing package - 84%","timestamp":"2025-12-04 10:53:39"}
{"level":"info","message":"Installing package - 85%","timestamp":"2025-12-04 10:53:39"}
{"level":"info","message":"Installing package - 86%","timestamp":"2025-12-04 10:53:39"}
{"level":"info","message":"Installing package - 87%","timestamp":"2025-12-04 10:53:39"}
{"level":"info","message":"Installing package - 88%","timestamp":"2025-12-04 10:53:40"}
{"level":"info","message":"Installing package - 89%","timestamp":"2025-12-04 10:53:40"}
{"level":"info","message":"Installing package - 90%","timestamp":"2025-12-04 10:53:40"}
{"level":"info","message":"Installing package - 91%","timestamp":"2025-12-04 10:53:40"}
{"level":"info","message":"Installing package - 92%","timestamp":"2025-12-04 10:53:40"}
{"level":"info","message":"Installing package - 93%","timestamp":"2025-12-04 10:53:40"}
{"level":"info","message":"Installing package - 94%","timestamp":"2025-12-04 10:53:40"}
{"level":"info","message":"Installing package - 95%","timestamp":"2025-12-04 10:53:40"}
{"level":"info","message":"Installing package - 96%","timestamp":"2025-12-04 10:53:40"}
{"level":"info","message":"Installing package - 97%","timestamp":"2025-12-04 10:53:40"}
{"level":"info","message":"Installing package - 98%","timestamp":"2025-12-04 10:53:40"}
{"level":"info","message":"Installing package - 99%","timestamp":"2025-12-04 10:53:40"}
{"level":"info","message":"Installing package - 100%","timestamp":"2025-12-04 10:53:40"}
{"level":"info","message":"Installed system dnd5e","timestamp":"2025-12-04 10:53:40"}
{"level":"info","message":"complete - 100%","timestamp":"2025-12-04 10:53:40"}
{"level":"info","message":"Created World \"exandria\"","timestamp":"2025-12-04 10:55:37"}
{"level":"info","message":"Connected to database \"actors\"","timestamp":"2025-12-04 11:06:59"}
{"level":"info","message":"Launching World | Loading World Data - 7%","timestamp":"2025-12-04 11:06:59"}
{"level":"info","message":"Connected to database \"cards\"","timestamp":"2025-12-04 11:06:59"}
{"level":"info","message":"Launching World | Loading World Data - 14%","timestamp":"2025-12-04 11:06:59"}
{"level":"info","message":"Connected to database \"messages\"","timestamp":"2025-12-04 11:06:59"}
{"level":"info","message":"Launching World | Loading World Data - 21%","timestamp":"2025-12-04 11:06:59"}
{"level":"info","message":"Connected to database \"combats\"","timestamp":"2025-12-04 11:06:59"}
{"level":"info","message":"Launching World | Loading World Data - 29%","timestamp":"2025-12-04 11:06:59"}
{"level":"info","message":"Connected to database \"fog\"","timestamp":"2025-12-04 11:06:59"}
{"level":"info","message":"Launching World | Loading World Data - 36%","timestamp":"2025-12-04 11:06:59"}
{"level":"info","message":"Connected to database \"folders\"","timestamp":"2025-12-04 11:06:59"}
{"level":"info","message":"Launching World | Loading World Data - 43%","timestamp":"2025-12-04 11:06:59"}
{"level":"info","message":"Connected to database \"items\"","timestamp":"2025-12-04 11:06:59"}
{"level":"info","message":"Launching World | Loading World Data - 50%","timestamp":"2025-12-04 11:06:59"}
{"level":"info","message":"Connected to database \"journal\"","timestamp":"2025-12-04 11:06:59"}
{"level":"info","message":"Launching World | Loading World Data - 57%","timestamp":"2025-12-04 11:06:59"}
{"level":"info","message":"Connected to database \"macros\"","timestamp":"2025-12-04 11:06:59"}
{"level":"info","message":"Launching World | Loading World Data - 64%","timestamp":"2025-12-04 11:06:59"}
{"level":"info","message":"Connected to database \"playlists\"","timestamp":"2025-12-04 11:06:59"}
{"level":"info","message":"Launching World | Loading World Data - 71%","timestamp":"2025-12-04 11:06:59"}
{"level":"info","message":"Connected to database \"tables\"","timestamp":"2025-12-04 11:06:59"}
{"level":"info","message":"Launching World | Loading World Data - 79%","timestamp":"2025-12-04 11:06:59"}
{"level":"info","message":"Connected to database \"scenes\"","timestamp":"2025-12-04 11:06:59"}
{"level":"info","message":"Launching World | Loading World Data - 86%","timestamp":"2025-12-04 11:06:59"}
{"level":"info","message":"Connected to database \"settings\"","timestamp":"2025-12-04 11:06:59"}
{"level":"info","message":"Launching World | Loading World Data - 93%","timestamp":"2025-12-04 11:06:59"}
{"level":"info","message":"Connected to database \"users\"","timestamp":"2025-12-04 11:06:59"}
{"level":"info","message":"Launching World | Loading World Data - 100%","timestamp":"2025-12-04 11:06:59"}
{"level":"info","message":"Launching World | Migrating World Data - 7%","timestamp":"2025-12-04 11:06:59"}
{"level":"info","message":"Launching World | Migrating World Data - 14%","timestamp":"2025-12-04 11:06:59"}
{"level":"info","message":"Launching World | Migrating World Data - 21%","timestamp":"2025-12-04 11:06:59"}
{"level":"info","message":"Launching World | Migrating World Data - 29%","timestamp":"2025-12-04 11:06:59"}
{"level":"info","message":"Launching World | Migrating World Data - 36%","timestamp":"2025-12-04 11:06:59"}
{"level":"info","message":"Launching World | Migrating World Data - 43%","timestamp":"2025-12-04 11:06:59"}
{"level":"info","message":"Launching World | Migrating World Data - 50%","timestamp":"2025-12-04 11:06:59"}
{"level":"info","message":"Launching World | Migrating World Data - 57%","timestamp":"2025-12-04 11:06:59"}
{"level":"info","message":"Launching World | Migrating World Data - 64%","timestamp":"2025-12-04 11:06:59"}
{"level":"info","message":"Launching World | Migrating World Data - 71%","timestamp":"2025-12-04 11:06:59"}
{"level":"info","message":"Launching World | Migrating World Data - 79%","timestamp":"2025-12-04 11:06:59"}
{"level":"info","message":"Launching World | Migrating World Data - 86%","timestamp":"2025-12-04 11:06:59"}
{"level":"info","message":"Launching World | Migrating World Data - 93%","timestamp":"2025-12-04 11:06:59"}
{"level":"info","message":"Launching World | Migrating World Data - 100%","timestamp":"2025-12-04 11:06:59"}
{"level":"info","message":"Created Setting with id [4TZ0lXobkmSwntcD]","timestamp":"2025-12-04 11:06:59"}
{"level":"info","message":"Created Setting with id [gRbvmLGCDZy9Sgco]","timestamp":"2025-12-04 11:06:59"}
{"level":"info","message":"Created User with id [LNLDqYqQART75yMZ]","timestamp":"2025-12-04 11:07:00"}
{"level":"info","message":"Created Setting with id [0IhxPCQRzwWkhl5l]","timestamp":"2025-12-04 11:07:00"}
{"level":"info","message":"Connected to database \"dnd5e.heroes\"","timestamp":"2025-12-04 11:07:00"}
{"level":"info","message":"Launching World | Loading Package Data - 5%","timestamp":"2025-12-04 11:07:00"}
{"level":"info","message":"Connected to database \"dnd5e.monsters\"","timestamp":"2025-12-04 11:07:00"}
{"level":"info","message":"Launching World | Loading Package Data - 9%","timestamp":"2025-12-04 11:07:00"}
{"level":"info","message":"Connected to database \"dnd5e.items\"","timestamp":"2025-12-04 11:07:00"}
{"level":"info","message":"Launching World | Loading Package Data - 14%","timestamp":"2025-12-04 11:07:00"}
{"level":"info","message":"Connected to database \"dnd5e.tradegoods\"","timestamp":"2025-12-04 11:07:00"}
{"level":"info","message":"Launching World | Loading Package Data - 18%","timestamp":"2025-12-04 11:07:00"}
{"level":"info","message":"Connected to database \"dnd5e.spells\"","timestamp":"2025-12-04 11:07:00"}
{"level":"info","message":"Launching World | Loading Package Data - 23%","timestamp":"2025-12-04 11:07:00"}
{"level":"info","message":"Connected to database \"dnd5e.backgrounds\"","timestamp":"2025-12-04 11:07:00"}
{"level":"info","message":"Launching World | Loading Package Data - 27%","timestamp":"2025-12-04 11:07:00"}
{"level":"info","message":"Connected to database \"dnd5e.classes\"","timestamp":"2025-12-04 11:07:00"}
{"level":"info","message":"Launching World | Loading Package Data - 32%","timestamp":"2025-12-04 11:07:00"}
{"level":"info","message":"Connected to database \"dnd5e.subclasses\"","timestamp":"2025-12-04 11:07:00"}
{"level":"info","message":"Launching World | Loading Package Data - 36%","timestamp":"2025-12-04 11:07:00"}
{"level":"info","message":"Connected to database \"dnd5e.classfeatures\"","timestamp":"2025-12-04 11:07:00"}
{"level":"info","message":"Launching World | Loading Package Data - 41%","timestamp":"2025-12-04 11:07:00"}
{"level":"info","message":"Connected to database \"dnd5e.races\"","timestamp":"2025-12-04 11:07:00"}
{"level":"info","message":"Launching World | Loading Package Data - 45%","timestamp":"2025-12-04 11:07:00"}
{"level":"info","message":"Connected to database \"dnd5e.monsterfeatures\"","timestamp":"2025-12-04 11:07:00"}
{"level":"info","message":"Launching World | Loading Package Data - 50%","timestamp":"2025-12-04 11:07:00"}
{"level":"info","message":"Connected to database \"dnd5e.rules\"","timestamp":"2025-12-04 11:07:00"}
{"level":"info","message":"Launching World | Loading Package Data - 55%","timestamp":"2025-12-04 11:07:00"}
{"level":"info","message":"Connected to database \"dnd5e.tables\"","timestamp":"2025-12-04 11:07:00"}
{"level":"info","message":"Launching World | Loading Package Data - 59%","timestamp":"2025-12-04 11:07:00"}
{"level":"info","message":"Connected to database \"dnd5e.content24\"","timestamp":"2025-12-04 11:07:00"}
{"level":"info","message":"Launching World | Loading Package Data - 64%","timestamp":"2025-12-04 11:07:00"}
{"level":"info","message":"Connected to database \"dnd5e.classes24\"","timestamp":"2025-12-04 11:07:00"}
{"level":"info","message":"Launching World | Loading Package Data - 68%","timestamp":"2025-12-04 11:07:00"}
{"level":"info","message":"Connected to database \"dnd5e.origins24\"","timestamp":"2025-12-04 11:07:00"}
{"level":"info","message":"Launching World | Loading Package Data - 73%","timestamp":"2025-12-04 11:07:00"}
{"level":"info","message":"Connected to database \"dnd5e.feats24\"","timestamp":"2025-12-04 11:07:00"}
{"level":"info","message":"Launching World | Loading Package Data - 77%","timestamp":"2025-12-04 11:07:00"}
{"level":"info","message":"Connected to database \"dnd5e.spells24\"","timestamp":"2025-12-04 11:07:00"}
{"level":"info","message":"Launching World | Loading Package Data - 82%","timestamp":"2025-12-04 11:07:00"}
{"level":"info","message":"Connected to database \"dnd5e.equipment24\"","timestamp":"2025-12-04 11:07:00"}
{"level":"info","message":"Launching World | Loading Package Data - 86%","timestamp":"2025-12-04 11:07:00"}
{"level":"info","message":"Connected to database \"dnd5e.tables24\"","timestamp":"2025-12-04 11:07:00"}
{"level":"info","message":"Launching World | Loading Package Data - 91%","timestamp":"2025-12-04 11:07:00"}
{"level":"info","message":"Connected to database \"dnd5e.actors24\"","timestamp":"2025-12-04 11:07:00"}
{"level":"info","message":"Launching World | Loading Package Data - 95%","timestamp":"2025-12-04 11:07:00"}
{"level":"info","message":"Connected to database \"dnd5e.monsterfeatures24\"","timestamp":"2025-12-04 11:07:00"}
{"level":"info","message":"Launching World | Loading Package Data - 100%","timestamp":"2025-12-04 11:07:00"}
{"level":"info","message":"Created 5 Folder documents with ids: [3n6ERcCJMbvvUNHx,5BGUB4Su1vOh4sTm,5SJ8gxW1YUpcQlfD,hTyeDAFhbd43OgPz,Kx6Motp9MCWHc7kp]","timestamp":"2025-12-04 11:07:00"}
{"level":"info","message":"Created Setting with id [qTH73fSorZSukY4a]","timestamp":"2025-12-04 11:07:00"}
{"level":"info","message":"Launching World | Migrating Package Data - 5%","timestamp":"2025-12-04 11:07:00"}
{"level":"info","message":"Launching World | Migrating Package Data - 9%","timestamp":"2025-12-04 11:07:01"}
{"level":"info","message":"Launching World | Migrating Package Data - 14%","timestamp":"2025-12-04 11:07:01"}
{"level":"info","message":"Launching World | Migrating Package Data - 18%","timestamp":"2025-12-04 11:07:01"}
{"level":"info","message":"Launching World | Migrating Package Data - 23%","timestamp":"2025-12-04 11:07:01"}
{"level":"info","message":"Launching World | Migrating Package Data - 27%","timestamp":"2025-12-04 11:07:01"}
{"level":"info","message":"Launching World | Migrating Package Data - 32%","timestamp":"2025-12-04 11:07:01"}
{"level":"info","message":"Launching World | Migrating Package Data - 36%","timestamp":"2025-12-04 11:07:01"}
{"level":"info","message":"Launching World | Migrating Package Data - 41%","timestamp":"2025-12-04 11:07:01"}
{"level":"info","message":"Launching World | Migrating Package Data - 45%","timestamp":"2025-12-04 11:07:01"}
{"level":"info","message":"Launching World | Migrating Package Data - 50%","timestamp":"2025-12-04 11:07:01"}
{"level":"info","message":"Launching World | Migrating Package Data - 55%","timestamp":"2025-12-04 11:07:01"}
{"level":"info","message":"Launching World | Migrating Package Data - 59%","timestamp":"2025-12-04 11:07:01"}
{"level":"info","message":"Migrated JournalEntry record [dmgEnsuringFunFo] of database \"dnd5e.content24\".","timestamp":"2025-12-04 11:07:01"}
{"level":"info","message":"Migrated JournalEntry record [dmgRunningCombat] of database \"dnd5e.content24\".","timestamp":"2025-12-04 11:07:01"}
{"level":"info","message":"Migrated JournalEntry record [dmgTheBasics0000] of database \"dnd5e.content24\".","timestamp":"2025-12-04 11:07:01"}
{"level":"info","message":"Migrated JournalEntry record [dmgTrackingSheet] of database \"dnd5e.content24\".","timestamp":"2025-12-04 11:07:01"}
{"level":"info","message":"Migrated JournalEntry record [mmAppendixMonste] of database \"dnd5e.content24\".","timestamp":"2025-12-04 11:07:01"}
{"level":"info","message":"Migrated JournalEntry record [mmMonsterManual1] of database \"dnd5e.content24\".","timestamp":"2025-12-04 11:07:01"}
{"level":"info","message":"Migrated JournalEntry record [phbAppendixBackg] of database \"dnd5e.content24\".","timestamp":"2025-12-04 11:07:01"}
{"level":"info","message":"Migrated JournalEntry record [phbAppendixClass] of database \"dnd5e.content24\".","timestamp":"2025-12-04 11:07:01"}
{"level":"info","message":"Migrated JournalEntry record [phbAppendixSpeci] of database \"dnd5e.content24\".","timestamp":"2025-12-04 11:07:01"}
{"level":"info","message":"Migrated JournalEntry record [phbIntroduction0] of database \"dnd5e.content24\".","timestamp":"2025-12-04 11:07:01"}
{"level":"info","message":"Persisting migrated JournalEntry record [dmgEnsuringFunFo] of database \"dnd5e.content24\".","timestamp":"2025-12-04 11:07:01"}
{"level":"info","message":"Persisting migrated JournalEntry record [dmgRunningCombat] of database \"dnd5e.content24\".","timestamp":"2025-12-04 11:07:01"}
{"level":"info","message":"Persisting migrated JournalEntry record [dmgTheBasics0000] of database \"dnd5e.content24\".","timestamp":"2025-12-04 11:07:01"}
{"level":"info","message":"Persisting migrated JournalEntry record [dmgTrackingSheet] of database \"dnd5e.content24\".","timestamp":"2025-12-04 11:07:01"}
{"level":"info","message":"Persisting migrated JournalEntry record [mmAppendixMonste] of database \"dnd5e.content24\".","timestamp":"2025-12-04 11:07:01"}
{"level":"info","message":"Persisting migrated JournalEntry record [mmMonsterManual1] of database \"dnd5e.content24\".","timestamp":"2025-12-04 11:07:01"}
{"level":"info","message":"Persisting migrated JournalEntry record [phbAppendixBackg] of database \"dnd5e.content24\".","timestamp":"2025-12-04 11:07:01"}
{"level":"info","message":"Persisting migrated JournalEntry record [phbAppendixClass] of database \"dnd5e.content24\".","timestamp":"2025-12-04 11:07:01"}
{"level":"info","message":"Persisting migrated JournalEntry record [phbAppendixSpeci] of database \"dnd5e.content24\".","timestamp":"2025-12-04 11:07:01"}
{"level":"info","message":"Persisting migrated JournalEntry record [phbIntroduction0] of database \"dnd5e.content24\".","timestamp":"2025-12-04 11:07:01"}
{"level":"info","message":"Completed migration of database \"dnd5e.content24.\"","timestamp":"2025-12-04 11:07:01"}
{"level":"info","message":"Launching World | Migrating Package Data - 64%","timestamp":"2025-12-04 11:07:01"}
{"level":"info","message":"Launching World | Migrating Package Data - 68%","timestamp":"2025-12-04 11:07:01"}
{"level":"info","message":"Launching World | Migrating Package Data - 73%","timestamp":"2025-12-04 11:07:01"}
{"level":"info","message":"Launching World | Migrating Package Data - 77%","timestamp":"2025-12-04 11:07:01"}
{"level":"info","message":"Launching World | Migrating Package Data - 82%","timestamp":"2025-12-04 11:07:01"}
{"level":"info","message":"Migrated Item record [dmgEfreetiChain0] of database \"dnd5e.equipment24\".","timestamp":"2025-12-04 11:07:01"}
{"level":"info","message":"Migrated Item record [dmgPipeOfSmokeMo] of database \"dnd5e.equipment24\".","timestamp":"2025-12-04 11:07:02"}
{"level":"info","message":"Persisting migrated Item record [dmgEfreetiChain0] of database \"dnd5e.equipment24\".","timestamp":"2025-12-04 11:07:02"}
{"level":"info","message":"Persisting migrated Item record [dmgPipeOfSmokeMo] of database \"dnd5e.equipment24\".","timestamp":"2025-12-04 11:07:02"}
{"level":"info","message":"Completed migration of database \"dnd5e.equipment24.\"","timestamp":"2025-12-04 11:07:02"}
{"level":"info","message":"Launching World | Migrating Package Data - 86%","timestamp":"2025-12-04 11:07:02"}
{"level":"info","message":"Migrated RollTable record [mmAnimatedObject] of database \"dnd5e.tables24\".","timestamp":"2025-12-04 11:07:02"}
{"level":"info","message":"Migrated RollTable record [mmBanditMotivati] of database \"dnd5e.tables24\".","timestamp":"2025-12-04 11:07:02"}
{"level":"info","message":"Migrated RollTable record [mmCultSymbols000] of database \"dnd5e.tables24\".","timestamp":"2025-12-04 11:07:02"}
{"level":"info","message":"Migrated RollTable record [mmCultSymbolsDep] of database \"dnd5e.tables24\".","timestamp":"2025-12-04 11:07:02"}
{"level":"info","message":"Migrated RollTable record [mmCultistAgendas] of database \"dnd5e.tables24\".","timestamp":"2025-12-04 11:07:02"}
{"level":"info","message":"Migrated RollTable record [mmDoppelgangerDe] of database \"dnd5e.tables24\".","timestamp":"2025-12-04 11:07:02"}
{"level":"info","message":"Migrated RollTable record [mmFireElementalC] of database \"dnd5e.tables24\".","timestamp":"2025-12-04 11:07:02"}
{"level":"info","message":"Migrated RollTable record [mmGelatinousCube] of database \"dnd5e.tables24\".","timestamp":"2025-12-04 11:07:02"}
{"level":"info","message":"Migrated RollTable record [mmIncubusNightma] of database \"dnd5e.tables24\".","timestamp":"2025-12-04 11:07:02"}
{"level":"info","message":"Migrated RollTable record [mmMageRoles00000] of database \"dnd5e.tables24\".","timestamp":"2025-12-04 11:07:02"}
{"level":"info","message":"Migrated RollTable record [mmMinotaurMazes0] of database \"dnd5e.tables24\".","timestamp":"2025-12-04 11:07:02"}
{"level":"info","message":"Migrated RollTable record [mmOwlbearDenFeat] of database \"dnd5e.tables24\".","timestamp":"2025-12-04 11:07:02"}
{"level":"info","message":"Migrated RollTable record [mmPseudodragonTr] of database \"dnd5e.tables24\".","timestamp":"2025-12-04 11:07:02"}
{"level":"info","message":"Migrated RollTable record [mmShadowShapes00] of database \"dnd5e.tables24\".","timestamp":"2025-12-04 11:07:02"}
{"level":"info","message":"Migrated RollTable record [mmSkeletonPantom] of database \"dnd5e.tables24\".","timestamp":"2025-12-04 11:07:02"}
{"level":"info","message":"Migrated RollTable record [mmStirgeRoosts00] of database \"dnd5e.tables24\".","timestamp":"2025-12-04 11:07:02"}
{"level":"info","message":"Migrated RollTable record [mmStoneGolemOrde] of database \"dnd5e.tables24\".","timestamp":"2025-12-04 11:07:02"}
{"level":"info","message":"Migrated RollTable record [mmSuccubusTempta] of database \"dnd5e.tables24\".","timestamp":"2025-12-04 11:07:02"}
{"level":"info","message":"Migrated RollTable record [mmVampireResting] of database \"dnd5e.tables24\".","timestamp":"2025-12-04 11:07:02"}
{"level":"info","message":"Migrated RollTable record [mmWarriorRoles00] of database \"dnd5e.tables24\".","timestamp":"2025-12-04 11:07:02"}
{"level":"info","message":"Migrated RollTable record [mmWraithManifest] of database \"dnd5e.tables24\".","timestamp":"2025-12-04 11:07:02"}
{"level":"info","message":"Persisting migrated RollTable record [mmAnimatedObject] of database \"dnd5e.tables24\".","timestamp":"2025-12-04 11:07:02"}
{"level":"info","message":"Persisting migrated RollTable record [mmBanditMotivati] of database \"dnd5e.tables24\".","timestamp":"2025-12-04 11:07:02"}
{"level":"info","message":"Persisting migrated RollTable record [mmCultSymbols000] of database \"dnd5e.tables24\".","timestamp":"2025-12-04 11:07:02"}
{"level":"info","message":"Persisting migrated RollTable record [mmCultSymbolsDep] of database \"dnd5e.tables24\".","timestamp":"2025-12-04 11:07:02"}
{"level":"info","message":"Persisting migrated RollTable record [mmCultistAgendas] of database \"dnd5e.tables24\".","timestamp":"2025-12-04 11:07:02"}
{"level":"info","message":"Persisting migrated RollTable record [mmDoppelgangerDe] of database \"dnd5e.tables24\".","timestamp":"2025-12-04 11:07:02"}
{"level":"info","message":"Persisting migrated RollTable record [mmFireElementalC] of database \"dnd5e.tables24\".","timestamp":"2025-12-04 11:07:02"}
{"level":"info","message":"Persisting migrated RollTable record [mmGelatinousCube] of database \"dnd5e.tables24\".","timestamp":"2025-12-04 11:07:02"}
{"level":"info","message":"Persisting migrated RollTable record [mmIncubusNightma] of database \"dnd5e.tables24\".","timestamp":"2025-12-04 11:07:02"}
{"level":"info","message":"Persisting migrated RollTable record [mmMageRoles00000] of database \"dnd5e.tables24\".","timestamp":"2025-12-04 11:07:02"}
{"level":"info","message":"Persisting migrated RollTable record [mmMinotaurMazes0] of database \"dnd5e.tables24\".","timestamp":"2025-12-04 11:07:02"}
{"level":"info","message":"Persisting migrated RollTable record [mmOwlbearDenFeat] of database \"dnd5e.tables24\".","timestamp":"2025-12-04 11:07:02"}
{"level":"info","message":"Persisting migrated RollTable record [mmPseudodragonTr] of database \"dnd5e.tables24\".","timestamp":"2025-12-04 11:07:02"}
{"level":"info","message":"Persisting migrated RollTable record [mmShadowShapes00] of database \"dnd5e.tables24\".","timestamp":"2025-12-04 11:07:02"}
{"level":"info","message":"Persisting migrated RollTable record [mmSkeletonPantom] of database \"dnd5e.tables24\".","timestamp":"2025-12-04 11:07:02"}
{"level":"info","message":"Persisting migrated RollTable record [mmStirgeRoosts00] of database \"dnd5e.tables24\".","timestamp":"2025-12-04 11:07:02"}
{"level":"info","message":"Persisting migrated RollTable record [mmStoneGolemOrde] of database \"dnd5e.tables24\".","timestamp":"2025-12-04 11:07:02"}
{"level":"info","message":"Persisting migrated RollTable record [mmSuccubusTempta] of database \"dnd5e.tables24\".","timestamp":"2025-12-04 11:07:02"}
{"level":"info","message":"Persisting migrated RollTable record [mmVampireResting] of database \"dnd5e.tables24\".","timestamp":"2025-12-04 11:07:02"}
{"level":"info","message":"Persisting migrated RollTable record [mmWarriorRoles00] of database \"dnd5e.tables24\".","timestamp":"2025-12-04 11:07:02"}
{"level":"info","message":"Persisting migrated RollTable record [mmWraithManifest] of database \"dnd5e.tables24\".","timestamp":"2025-12-04 11:07:02"}
{"level":"info","message":"Completed migration of database \"dnd5e.tables24.\"","timestamp":"2025-12-04 11:07:02"}
{"level":"info","message":"Launching World | Migrating Package Data - 91%","timestamp":"2025-12-04 11:07:02"}
{"level":"info","message":"Migrated Actor record [mmBullywugBogSag] of database \"dnd5e.actors24\".","timestamp":"2025-12-04 11:07:02"}
{"level":"info","message":"Migrated Actor record [mmBullywugWarrio] of database \"dnd5e.actors24\".","timestamp":"2025-12-04 11:07:02"}
{"level":"info","message":"Migrated Actor record [mmCarrionCrawler] of database \"dnd5e.actors24\".","timestamp":"2025-12-04 11:07:02"}
{"level":"info","message":"Migrated Actor record [mmNothic00000000] of database \"dnd5e.actors24\".","timestamp":"2025-12-04 11:07:02"}
{"level":"info","message":"Migrated Actor record [mmSlaadTadpole00] of database \"dnd5e.actors24\".","timestamp":"2025-12-04 11:07:02"}
{"level":"info","message":"Persisting migrated Actor record [mmBullywugBogSag] of database \"dnd5e.actors24\".","timestamp":"2025-12-04 11:07:02"}
{"level":"info","message":"Persisting migrated Actor record [mmBullywugWarrio] of database \"dnd5e.actors24\".","timestamp":"2025-12-04 11:07:02"}
{"level":"info","message":"Persisting migrated Actor record [mmCarrionCrawler] of database \"dnd5e.actors24\".","timestamp":"2025-12-04 11:07:02"}
{"level":"info","message":"Persisting migrated Actor record [mmNothic00000000] of database \"dnd5e.actors24\".","timestamp":"2025-12-04 11:07:02"}
{"level":"info","message":"Persisting migrated Actor record [mmSlaadTadpole00] of database \"dnd5e.actors24\".","timestamp":"2025-12-04 11:07:02"}
{"level":"info","message":"Completed migration of database \"dnd5e.actors24.\"","timestamp":"2025-12-04 11:07:02"}
{"level":"info","message":"Launching World | Migrating Package Data - 95%","timestamp":"2025-12-04 11:07:02"}
{"level":"info","message":"Launching World | Migrating Package Data - 100%","timestamp":"2025-12-04 11:07:02"}
{"level":"info","message":"Launching World | Complete","timestamp":"2025-12-04 11:07:02"}
{"ip":"::1","level":"info","message":"User authentication successful for user Gamemaster","session":"a47e2090599361ebda8bffe5","timestamp":"2025-12-04 11:07:08"}
{"level":"info","message":"No system update for Dungeons & Dragons Fifth Edition is currently available.","timestamp":"2025-12-04 11:07:10"}
{"level":"info","message":"Vended World data to User [LNLDqYqQART75yMZ] in 523ms","timestamp":"2025-12-04 11:07:10"}
{"level":"info","message":"Created Setting with id [clPlLLeZsUBK993T]","timestamp":"2025-12-04 11:07:11"}
{"level":"info","message":"Created Setting with id [M7aLaiKwloDNHa0J]","timestamp":"2025-12-04 11:07:11"}
{"level":"info","message":"Created 2 ChatMessage documents with ids: [kccwJHLFS9mu3juu,anF0QLKWsygAoKPH]","timestamp":"2025-12-04 11:07:11"}
{"level":"info","message":"Created Scene with id [NUEDEFAULTSCENE0]","timestamp":"2025-12-04 11:07:11"}
{"level":"info","message":"Created Folder with id [87oS1uPlWMrhdZt8]","timestamp":"2025-12-04 11:08:02"}
{"level":"info","message":"Created Folder with id [eeXBxnWbfqrYqB5B]","timestamp":"2025-12-04 11:08:15"}
{"level":"info","message":"Deleting Folder [87oS1uPlWMrhdZt8] also deletes: 1 subfolders","timestamp":"2025-12-04 11:08:42"}
{"level":"info","message":"Deleted Folder with id [87oS1uPlWMrhdZt8]","timestamp":"2025-12-04 11:08:42"}
{"level":"info","message":"Deleted Scene with id [NUEDEFAULTSCENE0]","timestamp":"2025-12-04 11:08:52"}
{"level":"info","message":"Created Folder with id [jQ0vuTloSYgtcKAo]","timestamp":"2025-12-04 11:09:03"}
{"level":"info","message":"Created Folder with id [rMliluiDwJUMlPne]","timestamp":"2025-12-04 11:09:21"}
{"level":"info","message":"Created Scene with id [PQ8ChJluck7Rr6yY]","timestamp":"2025-12-04 11:09:32"}
{"level":"info","message":"Extracted base64 asset: \"C:\\Users\\rapha\\Documents\\Depo\\foundryVTT\\foundrydata\\Data\\worlds\\exandria\\assets\\scenes\\PQ8ChJluck7Rr6yY-thumb.webp\"","timestamp":"2025-12-04 11:09:57"}
{"level":"info","message":"Created User with id [GSzCM7n60hfqUZM0]","timestamp":"2025-12-04 11:20:30"}
{"level":"info","message":"Created User with id [P9rGgLfjHtCtlSDM]","timestamp":"2025-12-04 11:20:36"}
{"level":"info","message":"Created User with id [9yNmTyyxgdWTZjXg]","timestamp":"2025-12-04 11:22:35"}
{"level":"info","message":"No system update for Dungeons & Dragons Fifth Edition is currently available.","timestamp":"2025-12-04 11:22:50"}
{"level":"info","message":"Vended World data to User [LNLDqYqQART75yMZ] in 480ms","timestamp":"2025-12-04 11:22:50"}
{"level":"info","message":"Toggling game pause status to false","timestamp":"2025-12-04 11:22:55"}
{"ip":"::1","level":"info","message":"User authentication successful for user Player2","session":"a47e2090599361ebda8bffe5","timestamp":"2025-12-04 11:23:09"}
{"level":"info","message":"No system update for Dungeons & Dragons Fifth Edition is currently available.","timestamp":"2025-12-04 11:23:10"}
{"level":"info","message":"Vended World data to User [GSzCM7n60hfqUZM0] in 550ms","timestamp":"2025-12-04 11:23:10"}
{"level":"info","message":"Created Folder with id [qR3brag6o5srO5Ll]","timestamp":"2025-12-04 11:49:49"}
{"level":"info","message":"Created Scene with id [M3w9w0E7U3OC4lcJ]","timestamp":"2025-12-04 11:50:05"}
{"level":"info","message":"Extracted base64 asset: \"C:\\Users\\rapha\\Documents\\Depo\\foundryVTT\\foundrydata\\Data\\worlds\\exandria\\assets\\scenes\\M3w9w0E7U3OC4lcJ-thumb.webp\"","timestamp":"2025-12-04 11:52:13"}
{"level":"info","message":"Created Actor with id [NBWOnu6NXFhautrD]","timestamp":"2025-12-04 11:58:32"}
{"level":"info","message":"Created Token with id [pKFWA4ztH1cLUkUH] in parent Scene [M3w9w0E7U3OC4lcJ]","timestamp":"2025-12-04 11:59:05"}
{"level":"info","message":"Created FogExploration with id [17Ft4wedbhwTIFmO]","timestamp":"2025-12-04 12:01:19"}
{"level":"info","message":"Created Wall with id [JcqkaV0rBXaUxx0V] in parent Scene [M3w9w0E7U3OC4lcJ]","timestamp":"2025-12-04 12:01:57"}
{"level":"info","message":"Deleted Wall with id [JcqkaV0rBXaUxx0V] in parent Scene [M3w9w0E7U3OC4lcJ]","timestamp":"2025-12-04 12:02:03"}
{"level":"info","message":"Created Wall with id [srZ5KVJIG0wlGv0V] in parent Scene [M3w9w0E7U3OC4lcJ]","timestamp":"2025-12-04 12:02:07"}
{"level":"info","message":"Deleted Wall with id [srZ5KVJIG0wlGv0V] in parent Scene [M3w9w0E7U3OC4lcJ]","timestamp":"2025-12-04 12:02:15"}
{"level":"info","message":"Created Wall with id [SoOkScuiMd6qr2zG] in parent Scene [M3w9w0E7U3OC4lcJ]","timestamp":"2025-12-04 12:02:21"}
{"level":"info","message":"Created Wall with id [QWlvuDJm5vpgv1nq] in parent Scene [M3w9w0E7U3OC4lcJ]","timestamp":"2025-12-04 12:02:23"}
{"level":"info","message":"Created Wall with id [in2UqfB1RfR9Yflt] in parent Scene [M3w9w0E7U3OC4lcJ]","timestamp":"2025-12-04 12:02:30"}
{"level":"info","message":"Created Wall with id [hGgfewZTvpoirkir] in parent Scene [M3w9w0E7U3OC4lcJ]","timestamp":"2025-12-04 12:02:31"}
{"level":"info","message":"Created Wall with id [CA8pRkNLqapjwzTB] in parent Scene [M3w9w0E7U3OC4lcJ]","timestamp":"2025-12-04 12:02:33"}
{"level":"info","message":"Created Wall with id [bII9HRSuBmpfkdbT] in parent Scene [M3w9w0E7U3OC4lcJ]","timestamp":"2025-12-04 12:02:35"}
{"level":"info","message":"Created Wall with id [hcnccCAQJR3ThN3Q] in parent Scene [M3w9w0E7U3OC4lcJ]","timestamp":"2025-12-04 12:02:36"}
{"level":"info","message":"Created Wall with id [cmUmHNWQAtY0QLWO] in parent Scene [M3w9w0E7U3OC4lcJ]","timestamp":"2025-12-04 12:02:37"}
{"level":"info","message":"Created Wall with id [tgq8PdjW20oo25ws] in parent Scene [M3w9w0E7U3OC4lcJ]","timestamp":"2025-12-04 12:02:39"}
{"level":"info","message":"Created Wall with id [n6GKTgdmeNfBVcsr] in parent Scene [M3w9w0E7U3OC4lcJ]","timestamp":"2025-12-04 12:02:40"}
{"level":"info","message":"Created Wall with id [ym3sTkRy73XZ1vda] in parent Scene [M3w9w0E7U3OC4lcJ]","timestamp":"2025-12-04 12:02:44"}
{"level":"info","message":"Created Wall with id [1KTK1vp77YEGpXNJ] in parent Scene [M3w9w0E7U3OC4lcJ]","timestamp":"2025-12-04 12:02:47"}
{"level":"info","message":"Created Wall with id [99i775pv8v4FR44p] in parent Scene [M3w9w0E7U3OC4lcJ]","timestamp":"2025-12-04 12:02:50"}
{"level":"info","message":"Created Wall with id [amyttELZcP6TCJHj] in parent Scene [M3w9w0E7U3OC4lcJ]","timestamp":"2025-12-04 12:02:53"}
{"level":"info","message":"Created Wall with id [DO6l40yt03dUhhVC] in parent Scene [M3w9w0E7U3OC4lcJ]","timestamp":"2025-12-04 12:03:28"}
{"level":"info","message":"Created Wall with id [CU3Kecl3CjuPXync] in parent Scene [M3w9w0E7U3OC4lcJ]","timestamp":"2025-12-04 12:03:38"}
{"level":"info","message":"Created Wall with id [szPdNhwRDwDqQchV] in parent Scene [M3w9w0E7U3OC4lcJ]","timestamp":"2025-12-04 12:03:39"}
{"level":"info","message":"Created Wall with id [vo6gdYPfT59C28wx] in parent Scene [M3w9w0E7U3OC4lcJ]","timestamp":"2025-12-04 12:03:40"}
{"level":"info","message":"Created Wall with id [lxxGil8qFOJb98dd] in parent Scene [M3w9w0E7U3OC4lcJ]","timestamp":"2025-12-04 12:03:43"}
{"level":"info","message":"Created Wall with id [W9idosllnZfeE9KM] in parent Scene [M3w9w0E7U3OC4lcJ]","timestamp":"2025-12-04 12:03:44"}
{"level":"info","message":"Created Wall with id [V6zkLWAPXPSxjnVI] in parent Scene [M3w9w0E7U3OC4lcJ]","timestamp":"2025-12-04 12:03:46"}
{"level":"info","message":"Created Wall with id [swh4mlecDeMO8W48] in parent Scene [M3w9w0E7U3OC4lcJ]","timestamp":"2025-12-04 12:03:48"}
{"level":"info","message":"Created Wall with id [rENnXFUeJ0nOk5Sj] in parent Scene [M3w9w0E7U3OC4lcJ]","timestamp":"2025-12-04 12:03:49"}
{"level":"info","message":"Created Wall with id [xM37sZlHHynalzQc] in parent Scene [M3w9w0E7U3OC4lcJ]","timestamp":"2025-12-04 12:03:50"}
{"level":"info","message":"Created Wall with id [xvumehZdx7Wnv3qC] in parent Scene [M3w9w0E7U3OC4lcJ]","timestamp":"2025-12-04 12:03:52"}
{"level":"info","message":"Created Wall with id [0TMx52Qpi4s1duUT] in parent Scene [M3w9w0E7U3OC4lcJ]","timestamp":"2025-12-04 12:03:53"}
{"level":"info","message":"Created Wall with id [aQluiLrUcSfhyKQK] in parent Scene [M3w9w0E7U3OC4lcJ]","timestamp":"2025-12-04 12:03:58"}
{"level":"info","message":"Deleted Wall with id [aQluiLrUcSfhyKQK] in parent Scene [M3w9w0E7U3OC4lcJ]","timestamp":"2025-12-04 12:04:01"}
{"level":"info","message":"Created Wall with id [oqs22oIchaxcZyoT] in parent Scene [M3w9w0E7U3OC4lcJ]","timestamp":"2025-12-04 12:04:26"}
{"level":"info","message":"Deleted Wall with id [oqs22oIchaxcZyoT] in parent Scene [M3w9w0E7U3OC4lcJ]","timestamp":"2025-12-04 12:04:33"}
{"level":"info","message":"Created Wall with id [gih8Q31XPwpD413G] in parent Scene [M3w9w0E7U3OC4lcJ]","timestamp":"2025-12-04 12:05:03"}
{"level":"info","message":"Deleted Wall with id [gih8Q31XPwpD413G] in parent Scene [M3w9w0E7U3OC4lcJ]","timestamp":"2025-12-04 12:05:06"}
{"level":"info","message":"Created FogExploration with id [zJAr1GKFZXeQhjcn]","timestamp":"2025-12-04 12:05:12"}
{"level":"info","message":"Deleted Token with id [pKFWA4ztH1cLUkUH] in parent Scene [M3w9w0E7U3OC4lcJ]","timestamp":"2025-12-04 12:06:17"}
{"level":"info","message":"Created Token with id [sOrWdnMF0xwOoLM0] in parent Scene [M3w9w0E7U3OC4lcJ]","timestamp":"2025-12-04 12:06:52"}
{"level":"info","message":"Logged user GSzCM7n60hfqUZM0 out of active World","timestamp":"2025-12-04 12:09:32"}
{"ip":"::1","level":"info","message":"User authentication successful for user Player2","session":"a47e2090599361ebda8bffe5","timestamp":"2025-12-04 12:09:38"}
{"level":"info","message":"No system update for Dungeons & Dragons Fifth Edition is currently available.","timestamp":"2025-12-04 12:09:39"}
{"level":"info","message":"Vended World data to User [GSzCM7n60hfqUZM0] in 752ms","timestamp":"2025-12-04 12:09:39"}
{"level":"info","message":"Logged user GSzCM7n60hfqUZM0 out of active World","timestamp":"2025-12-04 12:10:46"}
{"ip":"::1","level":"info","message":"User authentication successful for user [GM] Umplacable","session":"a47e2090599361ebda8bffe5","timestamp":"2025-12-04 12:11:12"}
{"level":"info","message":"No system update for Dungeons & Dragons Fifth Edition is currently available.","timestamp":"2025-12-04 12:11:14"}
{"level":"info","message":"Vended World data to User [LNLDqYqQART75yMZ] in 507ms","timestamp":"2025-12-04 12:11:14"}
{"level":"info","message":"Deactivating session a47e2090599361ebda8bffe5 for User LNLDqYqQART75yMZ","timestamp":"2025-12-04 12:11:30"}
{"level":"info","message":"Created client session fa20e2eb82c24b292ec0d551","timestamp":"2025-12-04 12:11:31"}
{"ip":"::1","level":"info","message":"User authentication successful for user [GM] Umplacable","session":"fa20e2eb82c24b292ec0d551","timestamp":"2025-12-04 12:11:43"}
{"level":"info","message":"No system update for Dungeons & Dragons Fifth Edition is currently available.","timestamp":"2025-12-04 12:11:44"}
{"level":"info","message":"Vended World data to User [LNLDqYqQART75yMZ] in 485ms","timestamp":"2025-12-04 12:11:44"}
{"level":"info","message":"Shutting down Foundry Virtual Tabletop server","timestamp":"2025-12-04 12:11:58"}
